<?xml version="1.0" encoding="UTF-8" ?>
<testsuite tests="7" failures="7" name="entities.PlayerTest" time="0.002" errors="0" skipped="0">
  <properties>
[...]
</properties>
  <testcase classname="entities.PlayerTest" name="entities.PlayerTest.testPlayerInitialization" time="0.001">
    <failure message="Cannot invoke &quot;entities.Player.getXPosition()&quot; because &quot;this.player&quot; is null" type="java.lang.NullPointerException">java.lang.NullPointerException: Cannot invoke &quot;entities.Player.getXPosition()&quot; because &quot;this.player&quot; is null
	at entities.PlayerTest.testPlayerInitialization(PlayerTest.java:62)
</failure>
  </testcase>
  <testcase classname="entities.PlayerTest" name="entities.PlayerTest.testDiamondCollection" time="0.001">
    <failure message="Cannot invoke &quot;entities.Player.getHitBox()&quot; because &quot;this.player&quot; is null" type="java.lang.NullPointerException">java.lang.NullPointerException: Cannot invoke &quot;entities.Player.getHitBox()&quot; because &quot;this.player&quot; is null
	at entities.PlayerTest.movePlayer(PlayerTest.java:35)
	at entities.PlayerTest.testDiamondCollection(PlayerTest.java:73)
</failure>
  </testcase>
  <testcase classname="entities.PlayerTest" name="entities.PlayerTest.testHeartCollection" time="0">
    <failure message="Cannot invoke &quot;entities.Player.getHitBox()&quot; because &quot;this.player&quot; is null" type="java.lang.NullPointerException">java.lang.NullPointerException: Cannot invoke &quot;entities.Player.getHitBox()&quot; because &quot;this.player&quot; is null
	at entities.PlayerTest.movePlayer(PlayerTest.java:35)
	at entities.PlayerTest.testHeartCollection(PlayerTest.java:83)
</failure>
  </testcase>
  <testcase classname="entities.PlayerTest" name="entities.PlayerTest.testPlayerMovementRight" time="0">
    <failure message="Cannot invoke &quot;entities.Player.getXPosition()&quot; because &quot;this.player&quot; is null" type="java.lang.NullPointerException">java.lang.NullPointerException: Cannot invoke &quot;entities.Player.getXPosition()&quot; because &quot;this.player&quot; is null
	at entities.PlayerTest.testPlayerMovementRight(PlayerTest.java:91)
</failure>
  </testcase>
  <testcase classname="entities.PlayerTest" name="entities.PlayerTest.testPlayerMovementLeft" time="0">
    <failure message="Cannot invoke &quot;entities.Player.getXPosition()&quot; because &quot;this.player&quot; is null" type="java.lang.NullPointerException">java.lang.NullPointerException: Cannot invoke &quot;entities.Player.getXPosition()&quot; because &quot;this.player&quot; is null
	at entities.PlayerTest.testPlayerMovementLeft(PlayerTest.java:101)
</failure>
  </testcase>
  <testcase classname="entities.PlayerTest" name="entities.PlayerTest.testPlayerJumping" time="0">
    <failure message="Cannot invoke &quot;entities.Player.getYPosition()&quot; because &quot;this.player&quot; is null" type="java.lang.NullPointerException">java.lang.NullPointerException: Cannot invoke &quot;entities.Player.getYPosition()&quot; because &quot;this.player&quot; is null
	at entities.PlayerTest.testPlayerJumping(PlayerTest.java:111)
</failure>
  </testcase>
  <testcase classname="entities.PlayerTest" name="entities.PlayerTest.testPlayerFallToPit" time="0">
    <failure message="Cannot invoke &quot;entities.Player.getHitbox()&quot; because &quot;this.player&quot; is null" type="java.lang.NullPointerException">java.lang.NullPointerException: Cannot invoke &quot;entities.Player.getHitbox()&quot; because &quot;this.player&quot; is null
	at entities.PlayerTest.testPlayerFallToPit(PlayerTest.java:123)
</failure>
  </testcase>
</testsuite>